<?xml version="1.0" encoding="UTF-8"?>
<!-- Generated by org.testng.reporters.JUnitReportReporter -->
<testsuite hostname="LAPTOP-M27A6EU2" failures="0" tests="3" name="com.qa.Test.GoogleTest" time="2.736" errors="0" timestamp="2025-01-09T18:48:38 IST" skipped="0">
  <testcase classname="com.qa.Test.GoogleTest" name="test2" time="0.001"/>
  <testcase classname="com.qa.Test.GoogleTest" name="test1" time="2.734"/>
  <testcase classname="com.qa.Test.GoogleTest" name="test3" time="0.001"/>
</testsuite> <!-- com.qa.Test.GoogleTest -->
