<?xml version="1.0" encoding="UTF-8"?>
<!-- Generated by org.testng.reporters.JUnitReportReporter -->
<testsuite hostname="LAPTOP-M27A6EU2" failures="0" tests="1" name="com.qa.Test.GoogleTest" time="10.309" errors="0" timestamp="2025-01-08T18:26:03 IST" skipped="0">
  <testcase classname="com.qa.Test.GoogleTest" name="test1" time="10.309"/>
</testsuite> <!-- com.qa.Test.GoogleTest -->
