<?xml version="1.0" encoding="UTF-8"?>
<!-- Generated by org.testng.reporters.JUnitReportReporter -->
<testsuite hostname="LAPTOP-M27A6EU2" failures="0" tests="1" name="com.qa.Test.actionsclassdemo" time="4.953" errors="0" timestamp="2025-01-09T18:48:38 IST" skipped="0">
  <testcase classname="com.qa.Test.actionsclassdemo" name="tooltipsdemo" time="4.953"/>
</testsuite> <!-- com.qa.Test.actionsclassdemo -->
