<?xml version="1.0" encoding="UTF-8"?>
<!-- Generated by org.testng.reporters.JUnitReportReporter -->
<testsuite hostname="LAPTOP-M27A6EU2" failures="0" tests="1" name="com.qa.Test.HiddenFieldvalue" time="11.415" errors="0" timestamp="2025-01-08T18:27:37 IST" skipped="0">
  <testcase classname="com.qa.Test.HiddenFieldvalue" name="hiddenfieldvalue" time="11.415"/>
</testsuite> <!-- com.qa.Test.HiddenFieldvalue -->
