<?xml version="1.0" encoding="UTF-8"?>
<!-- Generated by org.testng.reporters.JUnitReportReporter -->
<testsuite hostname="LAPTOP-M27A6EU2" failures="0" tests="3" name="com.qa.Test.GoogleTest" time="2.954" errors="0" timestamp="2025-01-09T18:49:01 IST" skipped="0">
  <testcase classname="com.qa.Test.GoogleTest" name="test2" time="0.009"/>
  <testcase classname="com.qa.Test.GoogleTest" name="test3" time="0.009"/>
  <testcase classname="com.qa.Test.GoogleTest" name="test1" time="2.936"/>
</testsuite> <!-- com.qa.Test.GoogleTest -->
